<?xml version="1.0" encoding="UTF-8"?>
<!-- Generated by org.testng.reporters.JUnitReportReporter -->
<testsuite hostname="DESKTOP-DSM3BH7" name="TestCases.TC001_LoginValidation" tests="2" failures="0" timestamp="16 Apr 2017 09:10:59 GMT" time="69.920" errors="0">
  <testcase name="testAppTitle" time="16.397" classname="TestCases.TC001_LoginValidation"/>
  <testcase name="testLogin" time="53.523" classname="TestCases.TC001_LoginValidation"/>
</testsuite> <!-- TestCases.TC001_LoginValidation -->
