<?xml version="1.0" encoding="UTF-8"?>
<!-- Generated by org.testng.reporters.JUnitReportReporter -->
<testsuite hostname="DESKTOP-DSM3BH7" name="TestCases.TC002_CreateAnAccountValidation" tests="1" failures="0" timestamp="16 Apr 2017 08:36:04 GMT" time="26.628" errors="0">
  <testcase name="testLogin" time="26.628" classname="TestCases.TC002_CreateAnAccountValidation"/>
</testsuite> <!-- TestCases.TC002_CreateAnAccountValidation -->
