<?xml version="1.0" encoding="UTF-8"?>
<!-- Generated by org.testng.reporters.JUnitReportReporter -->
<testsuite hostname="DESKTOP-DSM3BH7" name="TestCases.TC001_LoginValidation" tests="1" failures="0" timestamp="16 Apr 2017 13:13:14 GMT" time="50.556" errors="0">
  <testcase name="testLogin" time="50.556" classname="TestCases.TC001_LoginValidation"/>
</testsuite> <!-- TestCases.TC001_LoginValidation -->
